<?xml version="1.0" encoding="UTF-8"?>
<coverage generated="1719407433378" clover="3.2.0">
  <project timestamp="1719407433378" name="All files">
    <metrics statements="32" coveredstatements="28" conditionals="20" coveredconditionals="15" methods="13" coveredmethods="9" elements="65" coveredelements="52" complexity="0" loc="32" ncloc="32" packages="4" files="6" classes="6"/>
    <package name="app.(tabs).(home_stack)">
      <metrics statements="8" coveredstatements="8" conditionals="10" coveredconditionals="8" methods="3" coveredmethods="3"/>
      <file name="index.tsx" path="/Users/shivam/Desktop/bahikhata/get-home/app/(tabs)/(home_stack)/index.tsx">
        <metrics statements="8" coveredstatements="8" conditionals="10" coveredconditionals="8" methods="3" coveredmethods="3"/>
        <line num="8" count="1" type="stmt"/>
        <line num="18" count="3" type="stmt"/>
        <line num="20" count="2" type="stmt"/>
        <line num="21" count="2" type="stmt"/>
        <line num="29" count="2" type="stmt"/>
        <line num="31" count="2" type="stmt"/>
        <line num="49" count="3" type="stmt"/>
        <line num="57" count="1" type="stmt"/>
      </file>
    </package>
    <package name="components">
      <metrics statements="13" coveredstatements="12" conditionals="8" coveredconditionals="6" methods="6" coveredmethods="5"/>
      <file name="ProductItem.tsx" path="/Users/shivam/Desktop/bahikhata/get-home/components/ProductItem.tsx">
        <metrics statements="5" coveredstatements="4" conditionals="8" coveredconditionals="6" methods="2" coveredmethods="1"/>
        <line num="8" count="1" type="stmt"/>
        <line num="14" count="2" type="stmt"/>
        <line num="15" count="0" type="stmt"/>
        <line num="17" count="2" type="stmt"/>
        <line num="19" count="2" type="stmt"/>
      </file>
      <file name="ProductListLoader.tsx" path="/Users/shivam/Desktop/bahikhata/get-home/components/ProductListLoader.tsx">
        <metrics statements="5" coveredstatements="5" conditionals="0" coveredconditionals="0" methods="3" coveredmethods="3"/>
        <line num="6" count="1" type="stmt"/>
        <line num="7" count="2" type="stmt"/>
        <line num="10" count="10" type="stmt"/>
        <line num="15" count="2" type="stmt"/>
        <line num="18" count="10" type="stmt"/>
      </file>
      <file name="ScreenWrapper.tsx" path="/Users/shivam/Desktop/bahikhata/get-home/components/ScreenWrapper.tsx">
        <metrics statements="3" coveredstatements="3" conditionals="0" coveredconditionals="0" methods="1" coveredmethods="1"/>
        <line num="6" count="1" type="stmt"/>
        <line num="7" count="2" type="stmt"/>
        <line num="12" count="1" type="stmt"/>
      </file>
    </package>
    <package name="hooks">
      <metrics statements="10" coveredstatements="7" conditionals="2" coveredconditionals="1" methods="4" coveredmethods="1"/>
      <file name="useProductList.ts" path="/Users/shivam/Desktop/bahikhata/get-home/hooks/useProductList.ts">
        <metrics statements="10" coveredstatements="7" conditionals="2" coveredconditionals="1" methods="4" coveredmethods="1"/>
        <line num="9" count="1" type="stmt"/>
        <line num="10" count="3" type="stmt"/>
        <line num="11" count="3" type="stmt"/>
        <line num="20" count="2" type="stmt"/>
        <line num="22" count="2" type="stmt"/>
        <line num="29" count="2" type="stmt"/>
        <line num="30" count="0" type="stmt"/>
        <line num="31" count="0" type="stmt"/>
        <line num="32" count="0" type="stmt"/>
        <line num="35" count="2" type="stmt"/>
      </file>
    </package>
    <package name="styles">
      <metrics statements="1" coveredstatements="1" conditionals="0" coveredconditionals="0" methods="0" coveredmethods="0"/>
      <file name="productItemStyles.ts" path="/Users/shivam/Desktop/bahikhata/get-home/styles/productItemStyles.ts">
        <metrics statements="1" coveredstatements="1" conditionals="0" coveredconditionals="0" methods="0" coveredmethods="0"/>
        <line num="3" count="1" type="stmt"/>
      </file>
    </package>
  </project>
</coverage>
