{"/Users/shivam/Desktop/bahikhata/get-home/app/(tabs)/(home_stack)/index.tsx": {"path":"/Users/shivam/Desktop/bahikhata/get-home/app/(tabs)/(home_stack)/index.tsx","statementMap":{"0":{"start":{"line":8,"column":20},"end":{"line":55,"column":1}},"1":{"start":{"line":18,"column":6},"end":{"line":18,"column":22}},"2":{"start":{"line":20,"column":28},"end":{"line":27,"column":3}},"3":{"start":{"line":21,"column":4},"end":{"line":26,"column":6}},"4":{"start":{"line":29,"column":14},"end":{"line":29,"column":42}},"5":{"start":{"line":31,"column":2},"end":{"line":54,"column":4}},"6":{"start":{"line":49,"column":34},"end":{"line":49,"column":38}},"7":{"start":{"line":57,"column":15},"end":{"line":72,"column":2}}},"fnMap":{"0":{"name":"(anonymous_0)","decl":{"start":{"line":8,"column":20},"end":{"line":8,"column":21}},"loc":{"start":{"line":8,"column":26},"end":{"line":55,"column":1}},"line":8},"1":{"name":"(anonymous_1)","decl":{"start":{"line":20,"column":28},"end":{"line":20,"column":29}},"loc":{"start":{"line":21,"column":4},"end":{"line":26,"column":6}},"line":21},"2":{"name":"(anonymous_2)","decl":{"start":{"line":49,"column":24},"end":{"line":49,"column":25}},"loc":{"start":{"line":49,"column":34},"end":{"line":49,"column":38}},"line":49}},"branchMap":{"0":{"loc":{"start":{"line":36,"column":7},"end":{"line":40,"column":7}},"type":"binary-expr","locations":[{"start":{"line":36,"column":7},"end":{"line":36,"column":14}},{"start":{"line":37,"column":8},"end":{"line":39,"column":15}}],"line":36},"1":{"loc":{"start":{"line":41,"column":7},"end":{"line":52,"column":7}},"type":"cond-expr","locations":[{"start":{"line":42,"column":8},"end":{"line":42,"column":29}},{"start":{"line":44,"column":8},"end":{"line":51,"column":10}}],"line":41},"2":{"loc":{"start":{"line":41,"column":7},"end":{"line":41,"column":30}},"type":"binary-expr","locations":[{"start":{"line":41,"column":7},"end":{"line":41,"column":16}},{"start":{"line":41,"column":20},"end":{"line":41,"column":30}}],"line":41},"3":{"loc":{"start":{"line":45,"column":28},"end":{"line":45,"column":61}},"type":"cond-expr","locations":[{"start":{"line":45,"column":54},"end":{"line":45,"column":57}},{"start":{"line":45,"column":60},"end":{"line":45,"column":61}}],"line":45},"4":{"loc":{"start":{"line":45,"column":28},"end":{"line":45,"column":51}},"type":"binary-expr","locations":[{"start":{"line":45,"column":28},"end":{"line":45,"column":37}},{"start":{"line":45,"column":41},"end":{"line":45,"column":51}}],"line":45}},"s":{"0":1,"1":3,"2":2,"3":2,"4":2,"5":2,"6":3,"7":1},"f":{"0":3,"1":2,"2":3},"b":{"0":[2,0],"1":[1,1],"2":[2,1],"3":[0,1],"4":[1,1]},"_coverageSchema":"1a1c01bbd47fc00a2c39e90264f33305004495a9","hash":"f0b9765d5f57da8e977779f5c6b3fc01cf315298"}
,"/Users/shivam/Desktop/bahikhata/get-home/components/ProductItem.tsx": {"path":"/Users/shivam/Desktop/bahikhata/get-home/components/ProductItem.tsx","statementMap":{"0":{"start":{"line":8,"column":52},"end":{"line":55,"column":1}},"1":{"start":{"line":14,"column":21},"end":{"line":16,"column":3}},"2":{"start":{"line":15,"column":16},"end":{"line":15,"column":49}},"3":{"start":{"line":17,"column":17},"end":{"line":17,"column":34}},"4":{"start":{"line":19,"column":2},"end":{"line":54,"column":4}}},"fnMap":{"0":{"name":"(anonymous_0)","decl":{"start":{"line":8,"column":52},"end":{"line":8,"column":53}},"loc":{"start":{"line":13,"column":6},"end":{"line":55,"column":1}},"line":13},"1":{"name":"(anonymous_1)","decl":{"start":{"line":15,"column":4},"end":{"line":15,"column":5}},"loc":{"start":{"line":15,"column":16},"end":{"line":15,"column":49}},"line":15}},"branchMap":{"0":{"loc":{"start":{"line":31,"column":30},"end":{"line":31,"column":71}},"type":"cond-expr","locations":[{"start":{"line":31,"column":56},"end":{"line":31,"column":62}},{"start":{"line":31,"column":65},"end":{"line":31,"column":71}}],"line":31},"1":{"loc":{"start":{"line":31,"column":30},"end":{"line":31,"column":53}},"type":"binary-expr","locations":[{"start":{"line":31,"column":30},"end":{"line":31,"column":39}},{"start":{"line":31,"column":43},"end":{"line":31,"column":53}}],"line":31},"2":{"loc":{"start":{"line":37,"column":52},"end":{"line":37,"column":72}},"type":"cond-expr","locations":[{"start":{"line":37,"column":65},"end":{"line":37,"column":66}},{"start":{"line":37,"column":69},"end":{"line":37,"column":72}}],"line":37},"3":{"loc":{"start":{"line":39,"column":11},"end":{"line":46,"column":11}},"type":"binary-expr","locations":[{"start":{"line":39,"column":11},"end":{"line":39,"column":22}},{"start":{"line":40,"column":12},"end":{"line":45,"column":14}}],"line":39}},"s":{"0":1,"1":2,"2":0,"3":2,"4":2},"f":{"0":2,"1":0},"b":{"0":[0,2],"1":[2,2],"2":[0,2],"3":[2,2]},"_coverageSchema":"1a1c01bbd47fc00a2c39e90264f33305004495a9","hash":"1c28b079bcde1768fcf640a89e5b00725dce4f2f"}
,"/Users/shivam/Desktop/bahikhata/get-home/components/ProductListLoader.tsx": {"path":"/Users/shivam/Desktop/bahikhata/get-home/components/ProductListLoader.tsx","statementMap":{"0":{"start":{"line":6,"column":26},"end":{"line":30,"column":1}},"1":{"start":{"line":7,"column":17},"end":{"line":7,"column":34}},"2":{"start":{"line":10,"column":19},"end":{"line":13,"column":5}},"3":{"start":{"line":10,"column":64},"end":{"line":13,"column":3}},"4":{"start":{"line":15,"column":2},"end":{"line":29,"column":4}},"5":{"start":{"line":18,"column":8},"end":{"line":26,"column":15}}},"fnMap":{"0":{"name":"(anonymous_0)","decl":{"start":{"line":6,"column":26},"end":{"line":6,"column":27}},"loc":{"start":{"line":6,"column":32},"end":{"line":30,"column":1}},"line":6},"1":{"name":"(anonymous_1)","decl":{"start":{"line":10,"column":49},"end":{"line":10,"column":50}},"loc":{"start":{"line":10,"column":64},"end":{"line":13,"column":3}},"line":10},"2":{"name":"(anonymous_2)","decl":{"start":{"line":17,"column":20},"end":{"line":17,"column":21}},"loc":{"start":{"line":18,"column":8},"end":{"line":26,"column":15}},"line":18}},"branchMap":{},"s":{"0":1,"1":2,"2":2,"3":10,"4":2,"5":10},"f":{"0":2,"1":10,"2":10},"b":{},"_coverageSchema":"1a1c01bbd47fc00a2c39e90264f33305004495a9","hash":"642d7dcbc4bb448c535545e024922a5876b23226"}
,"/Users/shivam/Desktop/bahikhata/get-home/components/ScreenWrapper.tsx": {"path":"/Users/shivam/Desktop/bahikhata/get-home/components/ScreenWrapper.tsx","statementMap":{"0":{"start":{"line":6,"column":22},"end":{"line":8,"column":1}},"1":{"start":{"line":7,"column":2},"end":{"line":7,"column":74}},"2":{"start":{"line":12,"column":15},"end":{"line":16,"column":2}}},"fnMap":{"0":{"name":"(anonymous_0)","decl":{"start":{"line":6,"column":22},"end":{"line":6,"column":23}},"loc":{"start":{"line":6,"column":60},"end":{"line":8,"column":1}},"line":6}},"branchMap":{},"s":{"0":1,"1":2,"2":1},"f":{"0":2},"b":{},"_coverageSchema":"1a1c01bbd47fc00a2c39e90264f33305004495a9","hash":"399bf5ed74ef720b2aefd86e7660d3c4edd670a3"}
,"/Users/shivam/Desktop/bahikhata/get-home/hooks/useProductList.ts": {"path":"/Users/shivam/Desktop/bahikhata/get-home/hooks/useProductList.ts","statementMap":{"0":{"start":{"line":9,"column":23},"end":{"line":45,"column":1}},"1":{"start":{"line":10,"column":17},"end":{"line":10,"column":73}},"2":{"start":{"line":10,"column":45},"end":{"line":10,"column":72}},"3":{"start":{"line":11,"column":38},"end":{"line":11,"column":53}},"4":{"start":{"line":20,"column":6},"end":{"line":20,"column":31}},"5":{"start":{"line":22,"column":36},"end":{"line":27,"column":3}},"6":{"start":{"line":29,"column":20},"end":{"line":34,"column":23}},"7":{"start":{"line":30,"column":4},"end":{"line":30,"column":24}},"8":{"start":{"line":31,"column":4},"end":{"line":33,"column":7}},"9":{"start":{"line":32,"column":6},"end":{"line":32,"column":27}},"10":{"start":{"line":35,"column":2},"end":{"line":44,"column":4}}},"fnMap":{"0":{"name":"(anonymous_0)","decl":{"start":{"line":9,"column":23},"end":{"line":9,"column":24}},"loc":{"start":{"line":9,"column":29},"end":{"line":45,"column":1}},"line":9},"1":{"name":"(anonymous_1)","decl":{"start":{"line":10,"column":29},"end":{"line":10,"column":30}},"loc":{"start":{"line":10,"column":45},"end":{"line":10,"column":72}},"line":10},"2":{"name":"(anonymous_2)","decl":{"start":{"line":29,"column":32},"end":{"line":29,"column":33}},"loc":{"start":{"line":29,"column":38},"end":{"line":34,"column":3}},"line":29},"3":{"name":"(anonymous_3)","decl":{"start":{"line":31,"column":31},"end":{"line":31,"column":32}},"loc":{"start":{"line":31,"column":37},"end":{"line":33,"column":5}},"line":31}},"branchMap":{"0":{"loc":{"start":{"line":41,"column":21},"end":{"line":41,"column":50}},"type":"cond-expr","locations":[{"start":{"line":41,"column":30},"end":{"line":41,"column":45}},{"start":{"line":41,"column":48},"end":{"line":41,"column":50}}],"line":41}},"s":{"0":1,"1":3,"2":0,"3":3,"4":2,"5":2,"6":2,"7":0,"8":0,"9":0,"10":2},"f":{"0":3,"1":0,"2":0,"3":0},"b":{"0":[0,2]},"_coverageSchema":"1a1c01bbd47fc00a2c39e90264f33305004495a9","hash":"ba12706f8b98f0d900c8de297b32cacf71de2b28"}
,"/Users/shivam/Desktop/bahikhata/get-home/styles/productItemStyles.ts": {"path":"/Users/shivam/Desktop/bahikhata/get-home/styles/productItemStyles.ts","statementMap":{"0":{"start":{"line":3,"column":33},"end":{"line":34,"column":2}}},"fnMap":{},"branchMap":{},"s":{"0":1},"f":{},"b":{},"_coverageSchema":"1a1c01bbd47fc00a2c39e90264f33305004495a9","hash":"9285f8dc9c1329873cf4c5315cf9847a1a659d6a"}
}
