TN:
SF:app/(tabs)/(home_stack)/index.tsx
FN:8,(anonymous_0)
FN:20,(anonymous_1)
FN:49,(anonymous_2)
FNF:3
FNH:3
FNDA:3,(anonymous_0)
FNDA:2,(anonymous_1)
FNDA:3,(anonymous_2)
DA:8,1
DA:18,3
DA:20,2
DA:21,2
DA:29,2
DA:31,2
DA:49,3
DA:57,1
LF:8
LH:8
BRDA:36,0,0,2
BRDA:36,0,1,0
BRDA:41,1,0,1
BRDA:41,1,1,1
BRDA:41,2,0,2
BRDA:41,2,1,1
BRDA:45,3,0,0
BRDA:45,3,1,1
BRDA:45,4,0,1
BRDA:45,4,1,1
BRF:10
BRH:8
end_of_record
TN:
SF:components/ProductItem.tsx
FN:8,(anonymous_0)
FN:15,(anonymous_1)
FNF:2
FNH:1
FNDA:2,(anonymous_0)
FNDA:0,(anonymous_1)
DA:8,1
DA:14,2
DA:15,0
DA:17,2
DA:19,2
LF:5
LH:4
BRDA:31,0,0,0
BRDA:31,0,1,2
BRDA:31,1,0,2
BRDA:31,1,1,2
BRDA:37,2,0,0
BRDA:37,2,1,2
BRDA:39,3,0,2
BRDA:39,3,1,2
BRF:8
BRH:6
end_of_record
TN:
SF:components/ProductListLoader.tsx
FN:6,(anonymous_0)
FN:10,(anonymous_1)
FN:17,(anonymous_2)
FNF:3
FNH:3
FNDA:2,(anonymous_0)
FNDA:10,(anonymous_1)
FNDA:10,(anonymous_2)
DA:6,1
DA:7,2
DA:10,10
DA:15,2
DA:18,10
LF:5
LH:5
BRF:0
BRH:0
end_of_record
TN:
SF:components/ScreenWrapper.tsx
FN:6,(anonymous_0)
FNF:1
FNH:1
FNDA:2,(anonymous_0)
DA:6,1
DA:7,2
DA:12,1
LF:3
LH:3
BRF:0
BRH:0
end_of_record
TN:
SF:hooks/useProductList.ts
FN:9,(anonymous_0)
FN:10,(anonymous_1)
FN:29,(anonymous_2)
FN:31,(anonymous_3)
FNF:4
FNH:1
FNDA:3,(anonymous_0)
FNDA:0,(anonymous_1)
FNDA:0,(anonymous_2)
FNDA:0,(anonymous_3)
DA:9,1
DA:10,3
DA:11,3
DA:20,2
DA:22,2
DA:29,2
DA:30,0
DA:31,0
DA:32,0
DA:35,2
LF:10
LH:7
BRDA:41,0,0,0
BRDA:41,0,1,2
BRF:2
BRH:1
end_of_record
TN:
SF:styles/productItemStyles.ts
FNF:0
FNH:0
DA:3,1
LF:1
LH:1
BRF:0
BRH:0
end_of_record
